\BOOKMARK [1][-]{section.1}{Notes}{}% 1
\BOOKMARK [2][-]{subsection.1.1}{Performance}{section.1}% 2
\BOOKMARK [2][-]{subsection.1.2}{Debugging \046 Logging}{section.1}% 3
\BOOKMARK [1][-]{section.2}{Setup}{}% 4
\BOOKMARK [1][-]{section.3}{Exposed Functions}{}% 5
\BOOKMARK [2][-]{subsection.3.1}{Entity API}{section.3}% 6
\BOOKMARK [3][-]{subsubsection.3.1.1}{Entity.position\(\)}{subsection.3.1}% 7
\BOOKMARK [3][-]{subsubsection.3.1.2}{Entity.rotation\(\)}{subsection.3.1}% 8
\BOOKMARK [3][-]{subsubsection.3.1.3}{Entity.move\137by\(dx, dy\)}{subsection.3.1}% 9
\BOOKMARK [3][-]{subsubsection.3.1.4}{Entity.set\137position\(x, y\)}{subsection.3.1}% 10
\BOOKMARK [2][-]{subsection.3.2}{Engine API}{section.3}% 11
\BOOKMARK [3][-]{subsubsection.3.2.1}{Engine.log\137info\(message\)}{subsection.3.2}% 12
\BOOKMARK [3][-]{subsubsection.3.2.2}{Engine.log\137warning\(message\)}{subsection.3.2}% 13
\BOOKMARK [3][-]{subsubsection.3.2.3}{Engine.log\137error\(message\)}{subsection.3.2}% 14
\BOOKMARK [3][-]{subsubsection.3.2.4}{Engine.world\137to\137screen\137pos\(world\137x, world\137y\)}{subsection.3.2}% 15
\BOOKMARK [1][-]{section.4}{Constants}{}% 16
\BOOKMARK [2][-]{subsection.4.1}{Tables}{section.4}% 17
\BOOKMARK [3][-]{subsubsection.4.1.1}{MouseButton}{subsection.4.1}% 18
\BOOKMARK [2][-]{subsection.4.2}{Values}{section.4}% 19
\BOOKMARK [3][-]{subsubsection.4.2.1}{g\137scriptfile\137name}{subsection.4.2}% 20
\BOOKMARK [3][-]{subsubsection.4.2.2}{g\137parent}{subsection.4.2}% 21
\BOOKMARK [1][-]{section.5}{Special Lua Functions}{}% 22
\BOOKMARK [2][-]{subsection.5.1}{Periodically Called Functions}{section.5}% 23
\BOOKMARK [3][-]{subsubsection.5.1.1}{update\(\)}{subsection.5.1}% 24
\BOOKMARK [2][-]{subsection.5.2}{Event Callbacks}{section.5}% 25
\BOOKMARK [3][-]{subsubsection.5.2.1}{on\137mouse\137down\(mouse\137button, x, y\)}{subsection.5.2}% 26
\BOOKMARK [3][-]{subsubsection.5.2.2}{on\137mouse\137up\(mouse\137button, x, y\)}{subsection.5.2}% 27
\BOOKMARK [3][-]{subsubsection.5.2.3}{on\137mouse\137move\(x, y\)}{subsection.5.2}% 28
